<?xml version="1.0" encoding="UTF-8"?>
<!-- Generated by org.testng.reporters.JUnitReportReporter -->
<testsuite hostname="FVFHXH8GQ6LR" failures="0" tests="2" name="class2" time="0.022" errors="0" timestamp="2023-05-10T09:29:16 IST" skipped="0">
  <testcase classname="class2" name="class2TC1" time="0.018"/>
  <system-out/>
  <testcase classname="class2" name="class2TC2" time="0.004"/>
  <system-out/>
</testsuite> <!-- class2 -->
