<?xml version="1.0" encoding="UTF-8"?>
<!-- Generated by org.testng.reporters.JUnitReportReporter -->
<testsuite hostname="FVFHXH8GQ6LR" failures="0" tests="6" name="project1.class2" time="0.021" errors="0" timestamp="2023-05-17T16:42:35 IST" skipped="0">
  <testcase classname="project1.class2" name="F" time="0.003"/>
  <system-out/>
  <testcase classname="project1.class2" name="D" time="0.003"/>
  <system-out/>
  <testcase classname="project1.class2" name="E" time="0.002"/>
  <system-out/>
  <testcase classname="project1.class2" name="B" time="0.002"/>
  <system-out/>
  <testcase classname="project1.class2" name="C" time="0.004"/>
  <system-out/>
  <testcase classname="project1.class2" name="A" time="0.007"/>
  <system-out/>
</testsuite> <!-- project1.class2 -->
