<?xml version="1.0" encoding="UTF-8"?>
<!-- Generated by org.testng.reporters.JUnitReportReporter -->
<testsuite hostname="FVFHXH8GQ6LR" failures="0" tests="1" name="project1.class1" time="0.015" errors="0" timestamp="2023-05-17T16:42:35 IST" skipped="0">
  <testcase classname="project1.class1" name="testCase1" time="0.015"/>
  <system-out/>
</testsuite> <!-- project1.class1 -->
