<?xml version="1.0" encoding="UTF-8"?>
<!-- Generated by org.testng.reporters.JUnitReportReporter -->
<testsuite hostname="FVFHXH8GQ6LR" failures="0" tests="2" name="class1$TestNG" time="0.025" errors="0" timestamp="2023-05-10T09:28:28 IST" skipped="0">
  <testcase classname="class1$TestNG" name="testCase2" time="0.003"/>
  <system-out/>
  <testcase classname="class1$TestNG" name="testCase1" time="0.022"/>
  <system-out/>
</testsuite> <!-- class1$TestNG -->
